execve("./testStrace", ["./testStrace"], 0x7fff17130400 /* 48 vars */) = 0
brk(NULL)                               = 0xb32000
mmap(NULL, 4096, PROT_READ|PROT_WRITE, MAP_PRIVATE|MAP_ANONYMOUS, -1, 0) = 0x7f76520e4000
access("/etc/ld.so.preload", R_OK)      = -1 ENOENT (No such file or directory)
open("/etc/ld.so.cache", O_RDONLY|O_CLOEXEC) = 3
fstat(3, {st_mode=S_IFREG|0644, st_size=85380, ...}) = 0
mmap(NULL, 85380, PROT_READ, MAP_PRIVATE, 3, 0) = 0x7f76520cf000
close(3)                                = 0
open("/lib64/libc.so.6", O_RDONLY|O_CLOEXEC) = 3
read(3, "\177ELF\2\1\1\3\0\0\0\0\0\0\0\0\3\0>\0\1\0\0\0`&\2\0\0\0\0\0"..., 832) = 832
fstat(3, {st_mode=S_IFREG|0755, st_size=2156272, ...}) = 0
mmap(NULL, 3985920, PROT_READ|PROT_EXEC, MAP_PRIVATE|MAP_DENYWRITE, 3, 0) = 0x7f7651af6000
mprotect(0x7f7651cba000, 2093056, PROT_NONE) = 0
mmap(0x7f7651eb9000, 24576, PROT_READ|PROT_WRITE, MAP_PRIVATE|MAP_FIXED|MAP_DENYWRITE, 3, 0x1c3000) = 0x7f7651eb9000
mmap(0x7f7651ebf000, 16896, PROT_READ|PROT_WRITE, MAP_PRIVATE|MAP_FIXED|MAP_ANONYMOUS, -1, 0) = 0x7f7651ebf000
close(3)                                = 0
mmap(NULL, 4096, PROT_READ|PROT_WRITE, MAP_PRIVATE|MAP_ANONYMOUS, -1, 0) = 0x7f76520ce000
mmap(NULL, 8192, PROT_READ|PROT_WRITE, MAP_PRIVATE|MAP_ANONYMOUS, -1, 0) = 0x7f76520cc000
arch_prctl(ARCH_SET_FS, 0x7f76520cc740) = 0
mprotect(0x7f7651eb9000, 16384, PROT_READ) = 0
mprotect(0x600000, 4096, PROT_READ)     = 0
mprotect(0x7f76520e5000, 4096, PROT_READ) = 0
munmap(0x7f76520cf000, 85380)           = 0
open("/dev/vchar_dev", O_RDWR)          = 3
pwrite64(3, "Hello ... \n\0", 12, 8)    = 12
pread64(3, "chetot\0.Hello ... \n\0_vchar_dev/v"..., 1024, 0) = 256
fstat(1, {st_mode=S_IFCHR|0620, st_rdev=makedev(136, 2), ...}) = 0
mmap(NULL, 4096, PROT_READ|PROT_WRITE, MAP_PRIVATE|MAP_ANONYMOUS, -1, 0) = 0x7f76520e3000
close(3)                                = 0
write(1, "Data = chetot", 13)           = 13
exit_group(0)                           = ?
+++ exited with 0 +++
